<?xml version="1.0" encoding="UTF-8"?>
<!-- Generated by org.testng.reporters.JUnitXMLReporter -->
<testsuite hostname="DESKTOP-4K3DOPB" ignored="10" name="Default test" tests="1" failures="0" timestamp="19 Jul 2018 21:49:44 GMT" time="13.717" errors="0">
  <testcase name="multiplewindow" time="13.695" classname="com.usa.practicecode.DragAndDrops"/>
  <testcase name="HandleCalender" time="0.0" classname="com.usa.practicecode.DragAndDrops">
    <ignored/>
  </testcase> <!-- HandleCalender -->
  <testcase name="Drag_Drop" time="0.0" classname="com.usa.practicecode.DragAndDrops">
    <ignored/>
  </testcase> <!-- Drag_Drop -->
  <testcase name="DropDownMemuByLooping" time="0.0" classname="com.usa.practicecode.DragAndDrops">
    <ignored/>
  </testcase> <!-- DropDownMemuByLooping -->
  <testcase name="ScrollDownWithJavascriptExecutor" time="0.0" classname="com.usa.practicecode.DragAndDrops">
    <ignored/>
  </testcase> <!-- ScrollDownWithJavascriptExecutor -->
  <testcase name="IframeHandle" time="0.0" classname="com.usa.practicecode.DragAndDrops">
    <ignored/>
  </testcase> <!-- IframeHandle -->
  <testcase name="CertificatesHandle" time="0.0" classname="com.usa.practicecode.DragAndDrops">
    <ignored/>
  </testcase> <!-- CertificatesHandle -->
  <testcase name="ClickWebElementWithActionClass" time="0.0" classname="com.usa.practicecode.DragAndDrops">
    <ignored/>
  </testcase> <!-- ClickWebElementWithActionClass -->
  <testcase name="ScrollDownWithAction" time="0.0" classname="com.usa.practicecode.DragAndDrops">
    <ignored/>
  </testcase> <!-- ScrollDownWithAction -->
  <testcase name="ClickWebElementWithActionDoubleClick" time="0.0" classname="com.usa.practicecode.DragAndDrops">
    <ignored/>
  </testcase> <!-- ClickWebElementWithActionDoubleClick -->
  <testcase name="MouseHover" time="0.0" classname="com.usa.practicecode.DragAndDrops">
    <ignored/>
  </testcase> <!-- MouseHover -->
</testsuite> <!-- Default test -->
