<?xml version="1.0" encoding="UTF-8"?>
<testng-results skipped="0" failed="0" ignored="0" total="1" passed="1">
  <reporter-output>
  </reporter-output>
  <suite name="Failed suite [Suite]" duration-ms="25" started-at="2018-07-20T16:39:36Z" finished-at="2018-07-20T16:39:36Z">
    <groups>
    </groups>
    <test name="Test(failed)" duration-ms="25" started-at="2018-07-20T16:39:36Z" finished-at="2018-07-20T16:39:36Z">
      <class name="com.usa.unittesting.TestCase5">
        <test-method status="PASS" signature="DisneyTest()[pri:0, instance:com.usa.unittesting.TestCase5@5f9d02cb]" name="DisneyTest" duration-ms="9" started-at="2018-07-20T12:39:36Z" finished-at="2018-07-20T12:39:36Z">
          <reporter-output>
          </reporter-output>
        </test-method> <!-- DisneyTest -->
      </class> <!-- com.usa.unittesting.TestCase5 -->
    </test> <!-- Test(failed) -->
  </suite> <!-- Failed suite [Suite] -->
</testng-results>
