<?xml version="1.0" encoding="UTF-8"?>
<testng-results skipped="0" failed="0" ignored="10" total="11" passed="1">
  <reporter-output>
  </reporter-output>
  <suite name="Default suite" duration-ms="13717" started-at="2018-07-19T21:49:30Z" finished-at="2018-07-19T21:49:44Z">
    <groups>
    </groups>
    <test name="Default test" duration-ms="13717" started-at="2018-07-19T21:49:30Z" finished-at="2018-07-19T21:49:44Z">
      <class name="com.usa.practicecode.DragAndDrops">
        <test-method status="PASS" signature="multiplewindow()[pri:0, instance:com.usa.practicecode.DragAndDrops@6f1fba17]" name="multiplewindow" duration-ms="13695" started-at="2018-07-19T17:49:30Z" finished-at="2018-07-19T17:49:44Z">
          <reporter-output>
          </reporter-output>
        </test-method> <!-- multiplewindow -->
      </class> <!-- com.usa.practicecode.DragAndDrops -->
    </test> <!-- Default test -->
  </suite> <!-- Default suite -->
</testng-results>
